<?xml version="1.0" encoding="UTF-8"?>
<!-- Generated by org.testng.reporters.JUnitReportReporter -->
<testsuite hostname="Rameshs-MacBook-Pro-1.local" failures="0" tests="2" name="api.auto.restassured.GetBookingIds" time="3.197" errors="0" timestamp="2025-11-17T18:44:13 CST" skipped="0">
  <testcase classname="api.auto.restassured.GetBookingIds" name="getBookingIdswithFilterTest" time="2.761"/>
  <testcase classname="api.auto.restassured.GetBookingIds" name="getBookingIdswithoutFilterTest" time="0.436"/>
</testsuite> <!-- api.auto.restassured.GetBookingIds -->
