<?xml version="1.0" encoding="UTF-8"?>
<!-- Generated by org.testng.reporters.JUnitReportReporter -->
<testsuite hostname="Rameshs-MacBook-Pro-1.local" failures="0" tests="2" name="api.auto.restassured.GetBooking" time="3.043" errors="0" timestamp="2025-11-17T20:16:38 CST" skipped="1">
  <testcase classname="api.auto.restassured.GetBooking" name="getBookingXMLTest" time="3.043"/>
  <testcase classname="api.auto.restassured.GetBooking" name="getBookingTest">
    <skipped/>
  </testcase> <!-- getBookingTest -->
</testsuite> <!-- api.auto.restassured.GetBooking -->
