<?xml version="1.0" encoding="UTF-8"?>
<!-- Generated by org.testng.reporters.JUnitReportReporter -->
<testsuite hostname="Rameshs-MacBook-Pro-1.local" failures="0" tests="2" name="api.auto.restassured.CreateBooking" time="2.499" errors="0" timestamp="2025-11-17T21:32:47 CST" skipped="1">
  <testcase classname="api.auto.restassured.CreateBooking" name="createBookingwithPOJOTest" time="2.499"/>
  <testcase classname="api.auto.restassured.CreateBooking" name="createBookingTest">
    <skipped/>
  </testcase> <!-- createBookingTest -->
</testsuite> <!-- api.auto.restassured.CreateBooking -->
