<?xml version="1.0" encoding="UTF-8"?>
<!-- Generated by org.testng.reporters.JUnitXMLReporter -->
<testsuite ignored="1" hostname="Rameshs-MacBook-Pro-1.local" failures="0" tests="1" name="Default test" time="2.548" errors="0" timestamp="2025-11-17T21:32:47 CST">
  <testcase classname="api.auto.restassured.CreateBooking" name="createBookingwithPOJOTest" time="1.936"/>
  <testcase classname="api.auto.restassured.CreateBooking" name="createBookingTest" time="0.0">
    <ignored/>
  </testcase> <!-- createBookingTest -->
</testsuite> <!-- Default test -->
