<?xml version="1.0" encoding="UTF-8"?>
<testng-results ignored="0" total="1" passed="1" failed="0" skipped="0">
  <reporter-output>
  </reporter-output>
  <suite started-at="2025-08-24T05:39:41 IST" name="Default suite" finished-at="2025-08-24T05:39:41 IST" duration-ms="44">
    <groups>
    </groups>
    <test started-at="2025-08-24T05:39:41 IST" name="Default test" finished-at="2025-08-24T05:39:41 IST" duration-ms="44">
      <class name="steps.TestNGClass">
        <test-method signature="testdemo()[pri:0, instance:steps.TestNGClass@515c6049]" started-at="2025-08-24T05:39:41 IST" name="testdemo" finished-at="2025-08-24T05:39:41 IST" duration-ms="9" status="PASS">
          <reporter-output>
          </reporter-output>
        </test-method> <!-- testdemo -->
      </class> <!-- steps.TestNGClass -->
    </test> <!-- Default test -->
  </suite> <!-- Default suite -->
</testng-results>
