<?xml version="1.0" encoding="UTF-8"?>
<testng-results ignored="1" total="2" passed="1" failed="0" skipped="0">
  <reporter-output>
  </reporter-output>
  <suite started-at="2025-11-17T21:32:45 CST" name="Default suite" finished-at="2025-11-17T21:32:47 CST" duration-ms="2548">
    <groups>
    </groups>
    <test started-at="2025-11-17T21:32:45 CST" name="Default test" finished-at="2025-11-17T21:32:47 CST" duration-ms="2548">
      <class name="api.auto.restassured.CreateBooking">
        <test-method is-config="true" signature="setup()[pri:0, instance:api.auto.restassured.CreateBooking@223d2c72]" started-at="2025-11-17T21:32:45 CST" name="setup" finished-at="2025-11-17T21:32:45 CST" duration-ms="563" status="PASS">
          <reporter-output>
          </reporter-output>
        </test-method> <!-- setup -->
        <test-method signature="createBookingwithPOJOTest()[pri:0, instance:api.auto.restassured.CreateBooking@223d2c72]" started-at="2025-11-17T21:32:45 CST" name="createBookingwithPOJOTest" finished-at="2025-11-17T21:32:47 CST" duration-ms="1936" status="PASS">
          <reporter-output>
          </reporter-output>
        </test-method> <!-- createBookingwithPOJOTest -->
      </class> <!-- api.auto.restassured.CreateBooking -->
    </test> <!-- Default test -->
  </suite> <!-- Default suite -->
</testng-results>
